06-Jan-2024 08:54:49.556 INFO [main] org.apache.catalina.startup.VersionLoggerListener.log Server version name:   Apache Tomcat/9.0.41
06-Jan-2024 08:54:49.560 INFO [main] org.apache.catalina.startup.VersionLoggerListener.log Server built:          Dec 3 2020 11:43:00 UTC
06-Jan-2024 08:54:49.560 INFO [main] org.apache.catalina.startup.VersionLoggerListener.log Server version number: 9.0.41.0
06-Jan-2024 08:54:49.561 INFO [main] org.apache.catalina.startup.VersionLoggerListener.log OS Name:               Windows 10
06-Jan-2024 08:54:49.561 INFO [main] org.apache.catalina.startup.VersionLoggerListener.log OS Version:            10.0
06-Jan-2024 08:54:49.561 INFO [main] org.apache.catalina.startup.VersionLoggerListener.log Architecture:          amd64
06-Jan-2024 08:54:49.561 INFO [main] org.apache.catalina.startup.VersionLoggerListener.log Java Home:             C:\Program Files\Java\jdk-18.0.2
06-Jan-2024 08:54:49.561 INFO [main] org.apache.catalina.startup.VersionLoggerListener.log JVM Version:           18.0.2+9-61
06-Jan-2024 08:54:49.562 INFO [main] org.apache.catalina.startup.VersionLoggerListener.log JVM Vendor:            Oracle Corporation
06-Jan-2024 08:54:49.562 INFO [main] org.apache.catalina.startup.VersionLoggerListener.log CATALINA_BASE:         C:\Users\AMG_Computers\Desktop\TKS-Project-2\apache-tomcat-9.0.41
06-Jan-2024 08:54:49.562 INFO [main] org.apache.catalina.startup.VersionLoggerListener.log CATALINA_HOME:         C:\Users\AMG_Computers\Desktop\TKS-Project-2\apache-tomcat-9.0.41
06-Jan-2024 08:54:49.574 INFO [main] org.apache.catalina.startup.VersionLoggerListener.log Command line argument: --add-opens=java.base/java.lang=ALL-UNNAMED
06-Jan-2024 08:54:49.574 INFO [main] org.apache.catalina.startup.VersionLoggerListener.log Command line argument: --add-opens=java.base/java.io=ALL-UNNAMED
06-Jan-2024 08:54:49.574 INFO [main] org.apache.catalina.startup.VersionLoggerListener.log Command line argument: --add-opens=java.rmi/sun.rmi.transport=ALL-UNNAMED
06-Jan-2024 08:54:49.575 INFO [main] org.apache.catalina.startup.VersionLoggerListener.log Command line argument: -Djava.util.logging.config.file=C:\Users\AMG_Computers\Desktop\TKS-Project-2\apache-tomcat-9.0.41\conf\logging.properties
06-Jan-2024 08:54:49.577 INFO [main] org.apache.catalina.startup.VersionLoggerListener.log Command line argument: -Djava.util.logging.manager=org.apache.juli.ClassLoaderLogManager
06-Jan-2024 08:54:49.578 INFO [main] org.apache.catalina.startup.VersionLoggerListener.log Command line argument: -Djdk.tls.ephemeralDHKeySize=2048
06-Jan-2024 08:54:49.579 INFO [main] org.apache.catalina.startup.VersionLoggerListener.log Command line argument: -Djava.protocol.handler.pkgs=org.apache.catalina.webresources
06-Jan-2024 08:54:49.579 INFO [main] org.apache.catalina.startup.VersionLoggerListener.log Command line argument: -Dignore.endorsed.dirs=
06-Jan-2024 08:54:49.580 INFO [main] org.apache.catalina.startup.VersionLoggerListener.log Command line argument: -Dcatalina.base=C:\Users\AMG_Computers\Desktop\TKS-Project-2\apache-tomcat-9.0.41
06-Jan-2024 08:54:49.580 INFO [main] org.apache.catalina.startup.VersionLoggerListener.log Command line argument: -Dcatalina.home=C:\Users\AMG_Computers\Desktop\TKS-Project-2\apache-tomcat-9.0.41
06-Jan-2024 08:54:49.581 INFO [main] org.apache.catalina.startup.VersionLoggerListener.log Command line argument: -Djava.io.tmpdir=C:\Users\AMG_Computers\Desktop\TKS-Project-2\apache-tomcat-9.0.41\temp
06-Jan-2024 08:54:49.590 INFO [main] org.apache.catalina.core.AprLifecycleListener.lifecycleEvent Loaded Apache Tomcat Native library [1.2.25] using APR version [1.7.0].
06-Jan-2024 08:54:49.590 INFO [main] org.apache.catalina.core.AprLifecycleListener.lifecycleEvent APR capabilities: IPv6 [true], sendfile [true], accept filters [false], random [true].
06-Jan-2024 08:54:49.591 INFO [main] org.apache.catalina.core.AprLifecycleListener.lifecycleEvent APR/OpenSSL configuration: useAprConnector [false], useOpenSSL [true]
06-Jan-2024 08:54:49.620 INFO [main] org.apache.catalina.core.AprLifecycleListener.initializeSSL OpenSSL successfully initialized [OpenSSL 1.1.1g  21 Apr 2020]
06-Jan-2024 08:54:49.910 INFO [main] org.apache.coyote.AbstractProtocol.init Initializing ProtocolHandler ["http-nio-4200"]
06-Jan-2024 08:54:50.008 SEVERE [main] org.apache.catalina.util.LifecycleBase.handleSubClassException Failed to initialize component [Connector[HTTP/1.1-4200]]
	org.apache.catalina.LifecycleException: Protocol handler initialization failed
		at org.apache.catalina.connector.Connector.initInternal(Connector.java:1042)
		at org.apache.catalina.util.LifecycleBase.init(LifecycleBase.java:136)
		at org.apache.catalina.core.StandardService.initInternal(StandardService.java:558)
		at org.apache.catalina.util.LifecycleBase.init(LifecycleBase.java:136)
		at org.apache.catalina.core.StandardServer.initInternal(StandardServer.java:1057)
		at org.apache.catalina.util.LifecycleBase.init(LifecycleBase.java:136)
		at org.apache.catalina.startup.Catalina.load(Catalina.java:724)
		at org.apache.catalina.startup.Catalina.load(Catalina.java:746)
		at java.base/jdk.internal.reflect.DirectMethodHandleAccessor.invoke(DirectMethodHandleAccessor.java:104)
		at java.base/java.lang.reflect.Method.invoke(Method.java:577)
		at org.apache.catalina.startup.Bootstrap.load(Bootstrap.java:302)
		at org.apache.catalina.startup.Bootstrap.main(Bootstrap.java:472)
	Caused by: java.net.BindException: Address already in use: bind
		at java.base/sun.nio.ch.Net.bind0(Native Method)
		at java.base/sun.nio.ch.Net.bind(Net.java:555)
		at java.base/sun.nio.ch.ServerSocketChannelImpl.netBind(ServerSocketChannelImpl.java:337)
		at java.base/sun.nio.ch.ServerSocketChannelImpl.bind(ServerSocketChannelImpl.java:294)
		at java.base/sun.nio.ch.ServerSocketAdaptor.bind(ServerSocketAdaptor.java:89)
		at org.apache.tomcat.util.net.NioEndpoint.initServerSocket(NioEndpoint.java:228)
		at org.apache.tomcat.util.net.NioEndpoint.bind(NioEndpoint.java:211)
		at org.apache.tomcat.util.net.AbstractEndpoint.bindWithCleanup(AbstractEndpoint.java:1159)
		at org.apache.tomcat.util.net.AbstractEndpoint.init(AbstractEndpoint.java:1172)
		at org.apache.coyote.AbstractProtocol.init(AbstractProtocol.java:592)
		at org.apache.coyote.http11.AbstractHttp11Protocol.init(AbstractHttp11Protocol.java:80)
		at org.apache.catalina.connector.Connector.initInternal(Connector.java:1039)
		... 11 more
06-Jan-2024 08:54:50.010 INFO [main] org.apache.catalina.startup.Catalina.load Server initialization in [722] milliseconds
06-Jan-2024 08:54:50.055 INFO [main] org.apache.catalina.core.StandardService.startInternal Starting service [Catalina]
06-Jan-2024 08:54:50.055 INFO [main] org.apache.catalina.core.StandardEngine.startInternal Starting Servlet engine: [Apache Tomcat/9.0.41]
06-Jan-2024 08:54:50.067 INFO [main] org.apache.catalina.startup.HostConfig.deployDirectory Deploying web application directory [C:\Users\AMG_Computers\Desktop\TKS-Project-2\apache-tomcat-9.0.41\webapps\docs]
06-Jan-2024 08:54:50.445 INFO [main] org.apache.catalina.startup.HostConfig.deployDirectory Deployment of web application directory [C:\Users\AMG_Computers\Desktop\TKS-Project-2\apache-tomcat-9.0.41\webapps\docs] has finished in [378] ms
06-Jan-2024 08:54:50.446 INFO [main] org.apache.catalina.startup.HostConfig.deployDirectory Deploying web application directory [C:\Users\AMG_Computers\Desktop\TKS-Project-2\apache-tomcat-9.0.41\webapps\examples]
06-Jan-2024 08:54:51.107 INFO [main] org.apache.catalina.startup.HostConfig.deployDirectory Deployment of web application directory [C:\Users\AMG_Computers\Desktop\TKS-Project-2\apache-tomcat-9.0.41\webapps\examples] has finished in [661] ms
06-Jan-2024 08:54:51.108 INFO [main] org.apache.catalina.startup.HostConfig.deployDirectory Deploying web application directory [C:\Users\AMG_Computers\Desktop\TKS-Project-2\apache-tomcat-9.0.41\webapps\host-manager]
06-Jan-2024 08:54:51.151 INFO [main] org.apache.catalina.startup.HostConfig.deployDirectory Deployment of web application directory [C:\Users\AMG_Computers\Desktop\TKS-Project-2\apache-tomcat-9.0.41\webapps\host-manager] has finished in [42] ms
06-Jan-2024 08:54:51.151 INFO [main] org.apache.catalina.startup.HostConfig.deployDirectory Deploying web application directory [C:\Users\AMG_Computers\Desktop\TKS-Project-2\apache-tomcat-9.0.41\webapps\manager]
06-Jan-2024 08:54:51.189 INFO [main] org.apache.catalina.startup.HostConfig.deployDirectory Deployment of web application directory [C:\Users\AMG_Computers\Desktop\TKS-Project-2\apache-tomcat-9.0.41\webapps\manager] has finished in [38] ms
06-Jan-2024 08:54:51.190 INFO [main] org.apache.catalina.startup.HostConfig.deployDirectory Deploying web application directory [C:\Users\AMG_Computers\Desktop\TKS-Project-2\apache-tomcat-9.0.41\webapps\ROOT]
06-Jan-2024 08:54:51.232 INFO [main] org.apache.catalina.startup.HostConfig.deployDirectory Deployment of web application directory [C:\Users\AMG_Computers\Desktop\TKS-Project-2\apache-tomcat-9.0.41\webapps\ROOT] has finished in [42] ms
06-Jan-2024 08:54:51.236 INFO [main] org.apache.catalina.startup.Catalina.start Server startup in [1221] milliseconds
06-Jan-2024 08:55:12.947 INFO [main] org.apache.catalina.startup.VersionLoggerListener.log Server version name:   Apache Tomcat/9.0.41
06-Jan-2024 08:55:12.952 INFO [main] org.apache.catalina.startup.VersionLoggerListener.log Server built:          Dec 3 2020 11:43:00 UTC
06-Jan-2024 08:55:12.952 INFO [main] org.apache.catalina.startup.VersionLoggerListener.log Server version number: 9.0.41.0
06-Jan-2024 08:55:12.952 INFO [main] org.apache.catalina.startup.VersionLoggerListener.log OS Name:               Windows 10
06-Jan-2024 08:55:12.952 INFO [main] org.apache.catalina.startup.VersionLoggerListener.log OS Version:            10.0
06-Jan-2024 08:55:12.953 INFO [main] org.apache.catalina.startup.VersionLoggerListener.log Architecture:          amd64
06-Jan-2024 08:55:12.953 INFO [main] org.apache.catalina.startup.VersionLoggerListener.log Java Home:             C:\Program Files\Java\jdk-18.0.2
06-Jan-2024 08:55:12.953 INFO [main] org.apache.catalina.startup.VersionLoggerListener.log JVM Version:           18.0.2+9-61
06-Jan-2024 08:55:12.953 INFO [main] org.apache.catalina.startup.VersionLoggerListener.log JVM Vendor:            Oracle Corporation
06-Jan-2024 08:55:12.954 INFO [main] org.apache.catalina.startup.VersionLoggerListener.log CATALINA_BASE:         C:\Users\AMG_Computers\Desktop\TKS-Project-2\apache-tomcat-9.0.41
06-Jan-2024 08:55:12.954 INFO [main] org.apache.catalina.startup.VersionLoggerListener.log CATALINA_HOME:         C:\Users\AMG_Computers\Desktop\TKS-Project-2\apache-tomcat-9.0.41
06-Jan-2024 08:55:12.967 INFO [main] org.apache.catalina.startup.VersionLoggerListener.log Command line argument: --add-opens=java.base/java.lang=ALL-UNNAMED
06-Jan-2024 08:55:12.967 INFO [main] org.apache.catalina.startup.VersionLoggerListener.log Command line argument: --add-opens=java.base/java.io=ALL-UNNAMED
06-Jan-2024 08:55:12.967 INFO [main] org.apache.catalina.startup.VersionLoggerListener.log Command line argument: --add-opens=java.rmi/sun.rmi.transport=ALL-UNNAMED
06-Jan-2024 08:55:12.967 INFO [main] org.apache.catalina.startup.VersionLoggerListener.log Command line argument: -Djava.util.logging.config.file=C:\Users\AMG_Computers\Desktop\TKS-Project-2\apache-tomcat-9.0.41\conf\logging.properties
06-Jan-2024 08:55:12.968 INFO [main] org.apache.catalina.startup.VersionLoggerListener.log Command line argument: -Djava.util.logging.manager=org.apache.juli.ClassLoaderLogManager
06-Jan-2024 08:55:12.968 INFO [main] org.apache.catalina.startup.VersionLoggerListener.log Command line argument: -Djdk.tls.ephemeralDHKeySize=2048
06-Jan-2024 08:55:12.971 INFO [main] org.apache.catalina.startup.VersionLoggerListener.log Command line argument: -Djava.protocol.handler.pkgs=org.apache.catalina.webresources
06-Jan-2024 08:55:12.971 INFO [main] org.apache.catalina.startup.VersionLoggerListener.log Command line argument: -Dignore.endorsed.dirs=
06-Jan-2024 08:55:12.972 INFO [main] org.apache.catalina.startup.VersionLoggerListener.log Command line argument: -Dcatalina.base=C:\Users\AMG_Computers\Desktop\TKS-Project-2\apache-tomcat-9.0.41
06-Jan-2024 08:55:12.972 INFO [main] org.apache.catalina.startup.VersionLoggerListener.log Command line argument: -Dcatalina.home=C:\Users\AMG_Computers\Desktop\TKS-Project-2\apache-tomcat-9.0.41
06-Jan-2024 08:55:12.973 INFO [main] org.apache.catalina.startup.VersionLoggerListener.log Command line argument: -Djava.io.tmpdir=C:\Users\AMG_Computers\Desktop\TKS-Project-2\apache-tomcat-9.0.41\temp
06-Jan-2024 08:55:12.978 INFO [main] org.apache.catalina.core.AprLifecycleListener.lifecycleEvent Loaded Apache Tomcat Native library [1.2.25] using APR version [1.7.0].
06-Jan-2024 08:55:12.978 INFO [main] org.apache.catalina.core.AprLifecycleListener.lifecycleEvent APR capabilities: IPv6 [true], sendfile [true], accept filters [false], random [true].
06-Jan-2024 08:55:12.979 INFO [main] org.apache.catalina.core.AprLifecycleListener.lifecycleEvent APR/OpenSSL configuration: useAprConnector [false], useOpenSSL [true]
06-Jan-2024 08:55:12.983 INFO [main] org.apache.catalina.core.AprLifecycleListener.initializeSSL OpenSSL successfully initialized [OpenSSL 1.1.1g  21 Apr 2020]
06-Jan-2024 08:55:13.280 INFO [main] org.apache.coyote.AbstractProtocol.init Initializing ProtocolHandler ["http-nio-4200"]
06-Jan-2024 08:55:13.391 INFO [main] org.apache.catalina.startup.Catalina.load Server initialization in [654] milliseconds
06-Jan-2024 08:55:13.442 INFO [main] org.apache.catalina.core.StandardService.startInternal Starting service [Catalina]
06-Jan-2024 08:55:13.443 INFO [main] org.apache.catalina.core.StandardEngine.startInternal Starting Servlet engine: [Apache Tomcat/9.0.41]
06-Jan-2024 08:55:13.457 INFO [main] org.apache.catalina.startup.HostConfig.deployDirectory Deploying web application directory [C:\Users\AMG_Computers\Desktop\TKS-Project-2\apache-tomcat-9.0.41\webapps\docs]
06-Jan-2024 08:55:13.811 INFO [main] org.apache.catalina.startup.HostConfig.deployDirectory Deployment of web application directory [C:\Users\AMG_Computers\Desktop\TKS-Project-2\apache-tomcat-9.0.41\webapps\docs] has finished in [353] ms
06-Jan-2024 08:55:13.811 INFO [main] org.apache.catalina.startup.HostConfig.deployDirectory Deploying web application directory [C:\Users\AMG_Computers\Desktop\TKS-Project-2\apache-tomcat-9.0.41\webapps\examples]
06-Jan-2024 08:55:14.378 INFO [main] org.apache.catalina.startup.HostConfig.deployDirectory Deployment of web application directory [C:\Users\AMG_Computers\Desktop\TKS-Project-2\apache-tomcat-9.0.41\webapps\examples] has finished in [567] ms
06-Jan-2024 08:55:14.379 INFO [main] org.apache.catalina.startup.HostConfig.deployDirectory Deploying web application directory [C:\Users\AMG_Computers\Desktop\TKS-Project-2\apache-tomcat-9.0.41\webapps\host-manager]
06-Jan-2024 08:55:14.433 INFO [main] org.apache.catalina.startup.HostConfig.deployDirectory Deployment of web application directory [C:\Users\AMG_Computers\Desktop\TKS-Project-2\apache-tomcat-9.0.41\webapps\host-manager] has finished in [54] ms
06-Jan-2024 08:55:14.434 INFO [main] org.apache.catalina.startup.HostConfig.deployDirectory Deploying web application directory [C:\Users\AMG_Computers\Desktop\TKS-Project-2\apache-tomcat-9.0.41\webapps\manager]
06-Jan-2024 08:55:14.488 INFO [main] org.apache.catalina.startup.HostConfig.deployDirectory Deployment of web application directory [C:\Users\AMG_Computers\Desktop\TKS-Project-2\apache-tomcat-9.0.41\webapps\manager] has finished in [54] ms
06-Jan-2024 08:55:14.489 INFO [main] org.apache.catalina.startup.HostConfig.deployDirectory Deploying web application directory [C:\Users\AMG_Computers\Desktop\TKS-Project-2\apache-tomcat-9.0.41\webapps\ROOT]
06-Jan-2024 08:55:14.532 INFO [main] org.apache.catalina.startup.HostConfig.deployDirectory Deployment of web application directory [C:\Users\AMG_Computers\Desktop\TKS-Project-2\apache-tomcat-9.0.41\webapps\ROOT] has finished in [44] ms
06-Jan-2024 08:55:14.536 INFO [main] org.apache.coyote.AbstractProtocol.start Starting ProtocolHandler ["http-nio-4200"]
06-Jan-2024 08:55:14.549 INFO [main] org.apache.catalina.startup.Catalina.start Server startup in [1155] milliseconds
06-Jan-2024 09:01:25.300 INFO [main] org.apache.catalina.startup.VersionLoggerListener.log Server version name:   Apache Tomcat/9.0.41
06-Jan-2024 09:01:25.305 INFO [main] org.apache.catalina.startup.VersionLoggerListener.log Server built:          Dec 3 2020 11:43:00 UTC
06-Jan-2024 09:01:25.306 INFO [main] org.apache.catalina.startup.VersionLoggerListener.log Server version number: 9.0.41.0
06-Jan-2024 09:01:25.306 INFO [main] org.apache.catalina.startup.VersionLoggerListener.log OS Name:               Windows 10
06-Jan-2024 09:01:25.306 INFO [main] org.apache.catalina.startup.VersionLoggerListener.log OS Version:            10.0
06-Jan-2024 09:01:25.306 INFO [main] org.apache.catalina.startup.VersionLoggerListener.log Architecture:          amd64
06-Jan-2024 09:01:25.307 INFO [main] org.apache.catalina.startup.VersionLoggerListener.log Java Home:             C:\Program Files\Java\jdk-18.0.2
06-Jan-2024 09:01:25.307 INFO [main] org.apache.catalina.startup.VersionLoggerListener.log JVM Version:           18.0.2+9-61
06-Jan-2024 09:01:25.307 INFO [main] org.apache.catalina.startup.VersionLoggerListener.log JVM Vendor:            Oracle Corporation
06-Jan-2024 09:01:25.307 INFO [main] org.apache.catalina.startup.VersionLoggerListener.log CATALINA_BASE:         C:\Users\AMG_Computers\Desktop\TKS-Project-2\apache-tomcat-9.0.41
06-Jan-2024 09:01:25.308 INFO [main] org.apache.catalina.startup.VersionLoggerListener.log CATALINA_HOME:         C:\Users\AMG_Computers\Desktop\TKS-Project-2\apache-tomcat-9.0.41
06-Jan-2024 09:01:25.319 INFO [main] org.apache.catalina.startup.VersionLoggerListener.log Command line argument: --add-opens=java.base/java.lang=ALL-UNNAMED
06-Jan-2024 09:01:25.319 INFO [main] org.apache.catalina.startup.VersionLoggerListener.log Command line argument: --add-opens=java.base/java.io=ALL-UNNAMED
06-Jan-2024 09:01:25.319 INFO [main] org.apache.catalina.startup.VersionLoggerListener.log Command line argument: --add-opens=java.rmi/sun.rmi.transport=ALL-UNNAMED
06-Jan-2024 09:01:25.319 INFO [main] org.apache.catalina.startup.VersionLoggerListener.log Command line argument: -Djava.util.logging.config.file=C:\Users\AMG_Computers\Desktop\TKS-Project-2\apache-tomcat-9.0.41\conf\logging.properties
06-Jan-2024 09:01:25.319 INFO [main] org.apache.catalina.startup.VersionLoggerListener.log Command line argument: -Djava.util.logging.manager=org.apache.juli.ClassLoaderLogManager
06-Jan-2024 09:01:25.320 INFO [main] org.apache.catalina.startup.VersionLoggerListener.log Command line argument: -Djdk.tls.ephemeralDHKeySize=2048
06-Jan-2024 09:01:25.321 INFO [main] org.apache.catalina.startup.VersionLoggerListener.log Command line argument: -Djava.protocol.handler.pkgs=org.apache.catalina.webresources
06-Jan-2024 09:01:25.321 INFO [main] org.apache.catalina.startup.VersionLoggerListener.log Command line argument: -Dignore.endorsed.dirs=
06-Jan-2024 09:01:25.321 INFO [main] org.apache.catalina.startup.VersionLoggerListener.log Command line argument: -Dcatalina.base=C:\Users\AMG_Computers\Desktop\TKS-Project-2\apache-tomcat-9.0.41
06-Jan-2024 09:01:25.322 INFO [main] org.apache.catalina.startup.VersionLoggerListener.log Command line argument: -Dcatalina.home=C:\Users\AMG_Computers\Desktop\TKS-Project-2\apache-tomcat-9.0.41
06-Jan-2024 09:01:25.322 INFO [main] org.apache.catalina.startup.VersionLoggerListener.log Command line argument: -Djava.io.tmpdir=C:\Users\AMG_Computers\Desktop\TKS-Project-2\apache-tomcat-9.0.41\temp
06-Jan-2024 09:01:25.326 INFO [main] org.apache.catalina.core.AprLifecycleListener.lifecycleEvent Loaded Apache Tomcat Native library [1.2.25] using APR version [1.7.0].
06-Jan-2024 09:01:25.328 INFO [main] org.apache.catalina.core.AprLifecycleListener.lifecycleEvent APR capabilities: IPv6 [true], sendfile [true], accept filters [false], random [true].
06-Jan-2024 09:01:25.329 INFO [main] org.apache.catalina.core.AprLifecycleListener.lifecycleEvent APR/OpenSSL configuration: useAprConnector [false], useOpenSSL [true]
06-Jan-2024 09:01:25.334 INFO [main] org.apache.catalina.core.AprLifecycleListener.initializeSSL OpenSSL successfully initialized [OpenSSL 1.1.1g  21 Apr 2020]
06-Jan-2024 09:01:25.606 INFO [main] org.apache.coyote.AbstractProtocol.init Initializing ProtocolHandler ["http-nio-4200"]
06-Jan-2024 09:01:25.724 INFO [main] org.apache.catalina.startup.Catalina.load Server initialization in [638] milliseconds
06-Jan-2024 09:01:25.773 INFO [main] org.apache.catalina.core.StandardService.startInternal Starting service [Catalina]
06-Jan-2024 09:01:25.774 INFO [main] org.apache.catalina.core.StandardEngine.startInternal Starting Servlet engine: [Apache Tomcat/9.0.41]
06-Jan-2024 09:01:25.783 INFO [main] org.apache.catalina.startup.HostConfig.deployDirectory Deploying web application directory [C:\Users\AMG_Computers\Desktop\TKS-Project-2\apache-tomcat-9.0.41\webapps\docs]
06-Jan-2024 09:01:26.130 INFO [main] org.apache.catalina.startup.HostConfig.deployDirectory Deployment of web application directory [C:\Users\AMG_Computers\Desktop\TKS-Project-2\apache-tomcat-9.0.41\webapps\docs] has finished in [346] ms
06-Jan-2024 09:01:26.141 INFO [main] org.apache.catalina.startup.HostConfig.deployDirectory Deploying web application directory [C:\Users\AMG_Computers\Desktop\TKS-Project-2\apache-tomcat-9.0.41\webapps\examples]
06-Jan-2024 09:01:26.728 INFO [main] org.apache.catalina.startup.HostConfig.deployDirectory Deployment of web application directory [C:\Users\AMG_Computers\Desktop\TKS-Project-2\apache-tomcat-9.0.41\webapps\examples] has finished in [587] ms
06-Jan-2024 09:01:26.728 INFO [main] org.apache.catalina.startup.HostConfig.deployDirectory Deploying web application directory [C:\Users\AMG_Computers\Desktop\TKS-Project-2\apache-tomcat-9.0.41\webapps\host-manager]
06-Jan-2024 09:01:26.774 INFO [main] org.apache.catalina.startup.HostConfig.deployDirectory Deployment of web application directory [C:\Users\AMG_Computers\Desktop\TKS-Project-2\apache-tomcat-9.0.41\webapps\host-manager] has finished in [46] ms
06-Jan-2024 09:01:26.775 INFO [main] org.apache.catalina.startup.HostConfig.deployDirectory Deploying web application directory [C:\Users\AMG_Computers\Desktop\TKS-Project-2\apache-tomcat-9.0.41\webapps\manager]
06-Jan-2024 09:01:26.812 INFO [main] org.apache.catalina.startup.HostConfig.deployDirectory Deployment of web application directory [C:\Users\AMG_Computers\Desktop\TKS-Project-2\apache-tomcat-9.0.41\webapps\manager] has finished in [37] ms
06-Jan-2024 09:01:26.812 INFO [main] org.apache.catalina.startup.HostConfig.deployDirectory Deploying web application directory [C:\Users\AMG_Computers\Desktop\TKS-Project-2\apache-tomcat-9.0.41\webapps\ROOT]
06-Jan-2024 09:01:26.855 INFO [main] org.apache.catalina.startup.HostConfig.deployDirectory Deployment of web application directory [C:\Users\AMG_Computers\Desktop\TKS-Project-2\apache-tomcat-9.0.41\webapps\ROOT] has finished in [42] ms
06-Jan-2024 09:01:26.861 INFO [main] org.apache.coyote.AbstractProtocol.start Starting ProtocolHandler ["http-nio-4200"]
06-Jan-2024 09:01:26.871 INFO [main] org.apache.catalina.startup.Catalina.start Server startup in [1145] milliseconds
