30-Dec-2023 07:47:46.756 INFO [main] org.apache.catalina.startup.VersionLoggerListener.log Server version name:   Apache Tomcat/9.0.41
30-Dec-2023 07:47:46.760 INFO [main] org.apache.catalina.startup.VersionLoggerListener.log Server built:          Dec 3 2020 11:43:00 UTC
30-Dec-2023 07:47:46.760 INFO [main] org.apache.catalina.startup.VersionLoggerListener.log Server version number: 9.0.41.0
30-Dec-2023 07:47:46.761 INFO [main] org.apache.catalina.startup.VersionLoggerListener.log OS Name:               Windows 10
30-Dec-2023 07:47:46.761 INFO [main] org.apache.catalina.startup.VersionLoggerListener.log OS Version:            10.0
30-Dec-2023 07:47:46.761 INFO [main] org.apache.catalina.startup.VersionLoggerListener.log Architecture:          amd64
30-Dec-2023 07:47:46.761 INFO [main] org.apache.catalina.startup.VersionLoggerListener.log Java Home:             C:\Program Files\Java\jdk-18.0.2
30-Dec-2023 07:47:46.762 INFO [main] org.apache.catalina.startup.VersionLoggerListener.log JVM Version:           18.0.2+9-61
30-Dec-2023 07:47:46.762 INFO [main] org.apache.catalina.startup.VersionLoggerListener.log JVM Vendor:            Oracle Corporation
30-Dec-2023 07:47:46.762 INFO [main] org.apache.catalina.startup.VersionLoggerListener.log CATALINA_BASE:         C:\Users\AMG_Computers\Desktop\TKS-Project-2\apache-tomcat-9.0.41
30-Dec-2023 07:47:46.762 INFO [main] org.apache.catalina.startup.VersionLoggerListener.log CATALINA_HOME:         C:\Users\AMG_Computers\Desktop\TKS-Project-2\apache-tomcat-9.0.41
30-Dec-2023 07:47:46.774 INFO [main] org.apache.catalina.startup.VersionLoggerListener.log Command line argument: --add-opens=java.base/java.lang=ALL-UNNAMED
30-Dec-2023 07:47:46.774 INFO [main] org.apache.catalina.startup.VersionLoggerListener.log Command line argument: --add-opens=java.base/java.io=ALL-UNNAMED
30-Dec-2023 07:47:46.775 INFO [main] org.apache.catalina.startup.VersionLoggerListener.log Command line argument: --add-opens=java.rmi/sun.rmi.transport=ALL-UNNAMED
30-Dec-2023 07:47:46.775 INFO [main] org.apache.catalina.startup.VersionLoggerListener.log Command line argument: -Djava.util.logging.config.file=C:\Users\AMG_Computers\Desktop\TKS-Project-2\apache-tomcat-9.0.41\conf\logging.properties
30-Dec-2023 07:47:46.775 INFO [main] org.apache.catalina.startup.VersionLoggerListener.log Command line argument: -Djava.util.logging.manager=org.apache.juli.ClassLoaderLogManager
30-Dec-2023 07:47:46.776 INFO [main] org.apache.catalina.startup.VersionLoggerListener.log Command line argument: -Djdk.tls.ephemeralDHKeySize=2048
30-Dec-2023 07:47:46.776 INFO [main] org.apache.catalina.startup.VersionLoggerListener.log Command line argument: -Djava.protocol.handler.pkgs=org.apache.catalina.webresources
30-Dec-2023 07:47:46.777 INFO [main] org.apache.catalina.startup.VersionLoggerListener.log Command line argument: -Dignore.endorsed.dirs=
30-Dec-2023 07:47:46.777 INFO [main] org.apache.catalina.startup.VersionLoggerListener.log Command line argument: -Dcatalina.base=C:\Users\AMG_Computers\Desktop\TKS-Project-2\apache-tomcat-9.0.41
30-Dec-2023 07:47:46.778 INFO [main] org.apache.catalina.startup.VersionLoggerListener.log Command line argument: -Dcatalina.home=C:\Users\AMG_Computers\Desktop\TKS-Project-2\apache-tomcat-9.0.41
30-Dec-2023 07:47:46.780 INFO [main] org.apache.catalina.startup.VersionLoggerListener.log Command line argument: -Djava.io.tmpdir=C:\Users\AMG_Computers\Desktop\TKS-Project-2\apache-tomcat-9.0.41\temp
30-Dec-2023 07:47:46.793 INFO [main] org.apache.catalina.core.AprLifecycleListener.lifecycleEvent Loaded Apache Tomcat Native library [1.2.25] using APR version [1.7.0].
30-Dec-2023 07:47:46.793 INFO [main] org.apache.catalina.core.AprLifecycleListener.lifecycleEvent APR capabilities: IPv6 [true], sendfile [true], accept filters [false], random [true].
30-Dec-2023 07:47:46.795 INFO [main] org.apache.catalina.core.AprLifecycleListener.lifecycleEvent APR/OpenSSL configuration: useAprConnector [false], useOpenSSL [true]
30-Dec-2023 07:47:46.834 INFO [main] org.apache.catalina.core.AprLifecycleListener.initializeSSL OpenSSL successfully initialized [OpenSSL 1.1.1g  21 Apr 2020]
30-Dec-2023 07:47:47.151 INFO [main] org.apache.coyote.AbstractProtocol.init Initializing ProtocolHandler ["http-nio-4200"]
30-Dec-2023 07:47:47.260 INFO [main] org.apache.catalina.startup.Catalina.load Server initialization in [781] milliseconds
30-Dec-2023 07:47:47.321 INFO [main] org.apache.catalina.core.StandardService.startInternal Starting service [Catalina]
30-Dec-2023 07:47:47.321 INFO [main] org.apache.catalina.core.StandardEngine.startInternal Starting Servlet engine: [Apache Tomcat/9.0.41]
30-Dec-2023 07:47:47.334 INFO [main] org.apache.catalina.startup.HostConfig.deployDirectory Deploying web application directory [C:\Users\AMG_Computers\Desktop\TKS-Project-2\apache-tomcat-9.0.41\webapps\docs]
30-Dec-2023 07:47:47.664 INFO [main] org.apache.catalina.startup.HostConfig.deployDirectory Deployment of web application directory [C:\Users\AMG_Computers\Desktop\TKS-Project-2\apache-tomcat-9.0.41\webapps\docs] has finished in [330] ms
30-Dec-2023 07:47:47.665 INFO [main] org.apache.catalina.startup.HostConfig.deployDirectory Deploying web application directory [C:\Users\AMG_Computers\Desktop\TKS-Project-2\apache-tomcat-9.0.41\webapps\examples]
30-Dec-2023 07:47:48.253 INFO [main] org.apache.catalina.startup.HostConfig.deployDirectory Deployment of web application directory [C:\Users\AMG_Computers\Desktop\TKS-Project-2\apache-tomcat-9.0.41\webapps\examples] has finished in [588] ms
30-Dec-2023 07:47:48.254 INFO [main] org.apache.catalina.startup.HostConfig.deployDirectory Deploying web application directory [C:\Users\AMG_Computers\Desktop\TKS-Project-2\apache-tomcat-9.0.41\webapps\host-manager]
30-Dec-2023 07:47:48.296 INFO [main] org.apache.catalina.startup.HostConfig.deployDirectory Deployment of web application directory [C:\Users\AMG_Computers\Desktop\TKS-Project-2\apache-tomcat-9.0.41\webapps\host-manager] has finished in [42] ms
30-Dec-2023 07:47:48.297 INFO [main] org.apache.catalina.startup.HostConfig.deployDirectory Deploying web application directory [C:\Users\AMG_Computers\Desktop\TKS-Project-2\apache-tomcat-9.0.41\webapps\manager]
30-Dec-2023 07:47:48.336 INFO [main] org.apache.catalina.startup.HostConfig.deployDirectory Deployment of web application directory [C:\Users\AMG_Computers\Desktop\TKS-Project-2\apache-tomcat-9.0.41\webapps\manager] has finished in [39] ms
30-Dec-2023 07:47:48.337 INFO [main] org.apache.catalina.startup.HostConfig.deployDirectory Deploying web application directory [C:\Users\AMG_Computers\Desktop\TKS-Project-2\apache-tomcat-9.0.41\webapps\ROOT]
30-Dec-2023 07:47:48.383 INFO [main] org.apache.catalina.startup.HostConfig.deployDirectory Deployment of web application directory [C:\Users\AMG_Computers\Desktop\TKS-Project-2\apache-tomcat-9.0.41\webapps\ROOT] has finished in [46] ms
30-Dec-2023 07:47:48.388 INFO [main] org.apache.coyote.AbstractProtocol.start Starting ProtocolHandler ["http-nio-4200"]
30-Dec-2023 07:47:48.401 INFO [main] org.apache.catalina.startup.Catalina.start Server startup in [1139] milliseconds
30-Dec-2023 10:28:08.573 INFO [main] org.apache.catalina.startup.VersionLoggerListener.log Server version name:   Apache Tomcat/9.0.41
30-Dec-2023 10:28:08.578 INFO [main] org.apache.catalina.startup.VersionLoggerListener.log Server built:          Dec 3 2020 11:43:00 UTC
30-Dec-2023 10:28:08.578 INFO [main] org.apache.catalina.startup.VersionLoggerListener.log Server version number: 9.0.41.0
30-Dec-2023 10:28:08.578 INFO [main] org.apache.catalina.startup.VersionLoggerListener.log OS Name:               Windows 10
30-Dec-2023 10:28:08.579 INFO [main] org.apache.catalina.startup.VersionLoggerListener.log OS Version:            10.0
30-Dec-2023 10:28:08.579 INFO [main] org.apache.catalina.startup.VersionLoggerListener.log Architecture:          amd64
30-Dec-2023 10:28:08.579 INFO [main] org.apache.catalina.startup.VersionLoggerListener.log Java Home:             C:\Program Files\Java\jdk-18.0.2
30-Dec-2023 10:28:08.579 INFO [main] org.apache.catalina.startup.VersionLoggerListener.log JVM Version:           18.0.2+9-61
30-Dec-2023 10:28:08.580 INFO [main] org.apache.catalina.startup.VersionLoggerListener.log JVM Vendor:            Oracle Corporation
30-Dec-2023 10:28:08.580 INFO [main] org.apache.catalina.startup.VersionLoggerListener.log CATALINA_BASE:         C:\Users\AMG_Computers\Desktop\TKS-Project-2\apache-tomcat-9.0.41
30-Dec-2023 10:28:08.580 INFO [main] org.apache.catalina.startup.VersionLoggerListener.log CATALINA_HOME:         C:\Users\AMG_Computers\Desktop\TKS-Project-2\apache-tomcat-9.0.41
30-Dec-2023 10:28:08.589 INFO [main] org.apache.catalina.startup.VersionLoggerListener.log Command line argument: --add-opens=java.base/java.lang=ALL-UNNAMED
30-Dec-2023 10:28:08.589 INFO [main] org.apache.catalina.startup.VersionLoggerListener.log Command line argument: --add-opens=java.base/java.io=ALL-UNNAMED
30-Dec-2023 10:28:08.589 INFO [main] org.apache.catalina.startup.VersionLoggerListener.log Command line argument: --add-opens=java.rmi/sun.rmi.transport=ALL-UNNAMED
30-Dec-2023 10:28:08.589 INFO [main] org.apache.catalina.startup.VersionLoggerListener.log Command line argument: -Djava.util.logging.config.file=C:\Users\AMG_Computers\Desktop\TKS-Project-2\apache-tomcat-9.0.41\conf\logging.properties
30-Dec-2023 10:28:08.590 INFO [main] org.apache.catalina.startup.VersionLoggerListener.log Command line argument: -Djava.util.logging.manager=org.apache.juli.ClassLoaderLogManager
30-Dec-2023 10:28:08.590 INFO [main] org.apache.catalina.startup.VersionLoggerListener.log Command line argument: -Djdk.tls.ephemeralDHKeySize=2048
30-Dec-2023 10:28:08.591 INFO [main] org.apache.catalina.startup.VersionLoggerListener.log Command line argument: -Djava.protocol.handler.pkgs=org.apache.catalina.webresources
30-Dec-2023 10:28:08.591 INFO [main] org.apache.catalina.startup.VersionLoggerListener.log Command line argument: -Dignore.endorsed.dirs=
30-Dec-2023 10:28:08.592 INFO [main] org.apache.catalina.startup.VersionLoggerListener.log Command line argument: -Dcatalina.base=C:\Users\AMG_Computers\Desktop\TKS-Project-2\apache-tomcat-9.0.41
30-Dec-2023 10:28:08.592 INFO [main] org.apache.catalina.startup.VersionLoggerListener.log Command line argument: -Dcatalina.home=C:\Users\AMG_Computers\Desktop\TKS-Project-2\apache-tomcat-9.0.41
30-Dec-2023 10:28:08.593 INFO [main] org.apache.catalina.startup.VersionLoggerListener.log Command line argument: -Djava.io.tmpdir=C:\Users\AMG_Computers\Desktop\TKS-Project-2\apache-tomcat-9.0.41\temp
30-Dec-2023 10:28:08.597 INFO [main] org.apache.catalina.core.AprLifecycleListener.lifecycleEvent Loaded Apache Tomcat Native library [1.2.25] using APR version [1.7.0].
30-Dec-2023 10:28:08.597 INFO [main] org.apache.catalina.core.AprLifecycleListener.lifecycleEvent APR capabilities: IPv6 [true], sendfile [true], accept filters [false], random [true].
30-Dec-2023 10:28:08.597 INFO [main] org.apache.catalina.core.AprLifecycleListener.lifecycleEvent APR/OpenSSL configuration: useAprConnector [false], useOpenSSL [true]
30-Dec-2023 10:28:08.603 INFO [main] org.apache.catalina.core.AprLifecycleListener.initializeSSL OpenSSL successfully initialized [OpenSSL 1.1.1g  21 Apr 2020]
30-Dec-2023 10:28:08.871 INFO [main] org.apache.coyote.AbstractProtocol.init Initializing ProtocolHandler ["http-nio-4200"]
30-Dec-2023 10:28:08.984 INFO [main] org.apache.catalina.startup.Catalina.load Server initialization in [628] milliseconds
30-Dec-2023 10:28:09.041 INFO [main] org.apache.catalina.core.StandardService.startInternal Starting service [Catalina]
30-Dec-2023 10:28:09.042 INFO [main] org.apache.catalina.core.StandardEngine.startInternal Starting Servlet engine: [Apache Tomcat/9.0.41]
30-Dec-2023 10:28:09.052 INFO [main] org.apache.catalina.startup.HostConfig.deployDirectory Deploying web application directory [C:\Users\AMG_Computers\Desktop\TKS-Project-2\apache-tomcat-9.0.41\webapps\docs]
30-Dec-2023 10:28:09.384 INFO [main] org.apache.catalina.startup.HostConfig.deployDirectory Deployment of web application directory [C:\Users\AMG_Computers\Desktop\TKS-Project-2\apache-tomcat-9.0.41\webapps\docs] has finished in [332] ms
30-Dec-2023 10:28:09.385 INFO [main] org.apache.catalina.startup.HostConfig.deployDirectory Deploying web application directory [C:\Users\AMG_Computers\Desktop\TKS-Project-2\apache-tomcat-9.0.41\webapps\examples]
30-Dec-2023 10:28:09.961 INFO [main] org.apache.catalina.startup.HostConfig.deployDirectory Deployment of web application directory [C:\Users\AMG_Computers\Desktop\TKS-Project-2\apache-tomcat-9.0.41\webapps\examples] has finished in [576] ms
30-Dec-2023 10:28:09.962 INFO [main] org.apache.catalina.startup.HostConfig.deployDirectory Deploying web application directory [C:\Users\AMG_Computers\Desktop\TKS-Project-2\apache-tomcat-9.0.41\webapps\host-manager]
30-Dec-2023 10:28:10.006 INFO [main] org.apache.catalina.startup.HostConfig.deployDirectory Deployment of web application directory [C:\Users\AMG_Computers\Desktop\TKS-Project-2\apache-tomcat-9.0.41\webapps\host-manager] has finished in [44] ms
30-Dec-2023 10:28:10.007 INFO [main] org.apache.catalina.startup.HostConfig.deployDirectory Deploying web application directory [C:\Users\AMG_Computers\Desktop\TKS-Project-2\apache-tomcat-9.0.41\webapps\manager]
30-Dec-2023 10:28:10.064 INFO [main] org.apache.catalina.startup.HostConfig.deployDirectory Deployment of web application directory [C:\Users\AMG_Computers\Desktop\TKS-Project-2\apache-tomcat-9.0.41\webapps\manager] has finished in [57] ms
30-Dec-2023 10:28:10.088 INFO [main] org.apache.catalina.startup.HostConfig.deployDirectory Deploying web application directory [C:\Users\AMG_Computers\Desktop\TKS-Project-2\apache-tomcat-9.0.41\webapps\ROOT]
30-Dec-2023 10:28:10.173 INFO [main] org.apache.catalina.startup.HostConfig.deployDirectory Deployment of web application directory [C:\Users\AMG_Computers\Desktop\TKS-Project-2\apache-tomcat-9.0.41\webapps\ROOT] has finished in [85] ms
30-Dec-2023 10:28:10.181 INFO [main] org.apache.coyote.AbstractProtocol.start Starting ProtocolHandler ["http-nio-4200"]
30-Dec-2023 10:28:10.202 INFO [main] org.apache.catalina.startup.Catalina.start Server startup in [1215] milliseconds
30-Dec-2023 10:33:24.144 INFO [main] org.apache.catalina.startup.VersionLoggerListener.log Server version name:   Apache Tomcat/9.0.41
30-Dec-2023 10:33:24.149 INFO [main] org.apache.catalina.startup.VersionLoggerListener.log Server built:          Dec 3 2020 11:43:00 UTC
30-Dec-2023 10:33:24.150 INFO [main] org.apache.catalina.startup.VersionLoggerListener.log Server version number: 9.0.41.0
30-Dec-2023 10:33:24.150 INFO [main] org.apache.catalina.startup.VersionLoggerListener.log OS Name:               Windows 10
30-Dec-2023 10:33:24.150 INFO [main] org.apache.catalina.startup.VersionLoggerListener.log OS Version:            10.0
30-Dec-2023 10:33:24.151 INFO [main] org.apache.catalina.startup.VersionLoggerListener.log Architecture:          amd64
30-Dec-2023 10:33:24.151 INFO [main] org.apache.catalina.startup.VersionLoggerListener.log Java Home:             C:\Program Files\Java\jdk-18.0.2
30-Dec-2023 10:33:24.151 INFO [main] org.apache.catalina.startup.VersionLoggerListener.log JVM Version:           18.0.2+9-61
30-Dec-2023 10:33:24.151 INFO [main] org.apache.catalina.startup.VersionLoggerListener.log JVM Vendor:            Oracle Corporation
30-Dec-2023 10:33:24.151 INFO [main] org.apache.catalina.startup.VersionLoggerListener.log CATALINA_BASE:         C:\Users\AMG_Computers\Desktop\TKS-Project-2\apache-tomcat-9.0.41
30-Dec-2023 10:33:24.152 INFO [main] org.apache.catalina.startup.VersionLoggerListener.log CATALINA_HOME:         C:\Users\AMG_Computers\Desktop\TKS-Project-2\apache-tomcat-9.0.41
30-Dec-2023 10:33:24.165 INFO [main] org.apache.catalina.startup.VersionLoggerListener.log Command line argument: --add-opens=java.base/java.lang=ALL-UNNAMED
30-Dec-2023 10:33:24.165 INFO [main] org.apache.catalina.startup.VersionLoggerListener.log Command line argument: --add-opens=java.base/java.io=ALL-UNNAMED
30-Dec-2023 10:33:24.165 INFO [main] org.apache.catalina.startup.VersionLoggerListener.log Command line argument: --add-opens=java.rmi/sun.rmi.transport=ALL-UNNAMED
30-Dec-2023 10:33:24.165 INFO [main] org.apache.catalina.startup.VersionLoggerListener.log Command line argument: -Djava.util.logging.config.file=C:\Users\AMG_Computers\Desktop\TKS-Project-2\apache-tomcat-9.0.41\conf\logging.properties
30-Dec-2023 10:33:24.165 INFO [main] org.apache.catalina.startup.VersionLoggerListener.log Command line argument: -Djava.util.logging.manager=org.apache.juli.ClassLoaderLogManager
30-Dec-2023 10:33:24.166 INFO [main] org.apache.catalina.startup.VersionLoggerListener.log Command line argument: -Djdk.tls.ephemeralDHKeySize=2048
30-Dec-2023 10:33:24.167 INFO [main] org.apache.catalina.startup.VersionLoggerListener.log Command line argument: -Djava.protocol.handler.pkgs=org.apache.catalina.webresources
30-Dec-2023 10:33:24.167 INFO [main] org.apache.catalina.startup.VersionLoggerListener.log Command line argument: -Dignore.endorsed.dirs=
30-Dec-2023 10:33:24.167 INFO [main] org.apache.catalina.startup.VersionLoggerListener.log Command line argument: -Dcatalina.base=C:\Users\AMG_Computers\Desktop\TKS-Project-2\apache-tomcat-9.0.41
30-Dec-2023 10:33:24.168 INFO [main] org.apache.catalina.startup.VersionLoggerListener.log Command line argument: -Dcatalina.home=C:\Users\AMG_Computers\Desktop\TKS-Project-2\apache-tomcat-9.0.41
30-Dec-2023 10:33:24.168 INFO [main] org.apache.catalina.startup.VersionLoggerListener.log Command line argument: -Djava.io.tmpdir=C:\Users\AMG_Computers\Desktop\TKS-Project-2\apache-tomcat-9.0.41\temp
30-Dec-2023 10:33:24.173 INFO [main] org.apache.catalina.core.AprLifecycleListener.lifecycleEvent Loaded Apache Tomcat Native library [1.2.25] using APR version [1.7.0].
30-Dec-2023 10:33:24.173 INFO [main] org.apache.catalina.core.AprLifecycleListener.lifecycleEvent APR capabilities: IPv6 [true], sendfile [true], accept filters [false], random [true].
30-Dec-2023 10:33:24.174 INFO [main] org.apache.catalina.core.AprLifecycleListener.lifecycleEvent APR/OpenSSL configuration: useAprConnector [false], useOpenSSL [true]
30-Dec-2023 10:33:24.180 INFO [main] org.apache.catalina.core.AprLifecycleListener.initializeSSL OpenSSL successfully initialized [OpenSSL 1.1.1g  21 Apr 2020]
30-Dec-2023 10:33:24.468 INFO [main] org.apache.coyote.AbstractProtocol.init Initializing ProtocolHandler ["http-nio-4200"]
30-Dec-2023 10:33:24.601 INFO [main] org.apache.catalina.startup.Catalina.load Server initialization in [691] milliseconds
30-Dec-2023 10:33:24.658 INFO [main] org.apache.catalina.core.StandardService.startInternal Starting service [Catalina]
30-Dec-2023 10:33:24.659 INFO [main] org.apache.catalina.core.StandardEngine.startInternal Starting Servlet engine: [Apache Tomcat/9.0.41]
30-Dec-2023 10:33:24.669 INFO [main] org.apache.catalina.startup.HostConfig.deployDirectory Deploying web application directory [C:\Users\AMG_Computers\Desktop\TKS-Project-2\apache-tomcat-9.0.41\webapps\docs]
30-Dec-2023 10:33:25.026 INFO [main] org.apache.catalina.startup.HostConfig.deployDirectory Deployment of web application directory [C:\Users\AMG_Computers\Desktop\TKS-Project-2\apache-tomcat-9.0.41\webapps\docs] has finished in [356] ms
30-Dec-2023 10:33:25.027 INFO [main] org.apache.catalina.startup.HostConfig.deployDirectory Deploying web application directory [C:\Users\AMG_Computers\Desktop\TKS-Project-2\apache-tomcat-9.0.41\webapps\examples]
30-Dec-2023 10:33:25.635 INFO [main] org.apache.catalina.startup.HostConfig.deployDirectory Deployment of web application directory [C:\Users\AMG_Computers\Desktop\TKS-Project-2\apache-tomcat-9.0.41\webapps\examples] has finished in [608] ms
30-Dec-2023 10:33:25.635 INFO [main] org.apache.catalina.startup.HostConfig.deployDirectory Deploying web application directory [C:\Users\AMG_Computers\Desktop\TKS-Project-2\apache-tomcat-9.0.41\webapps\host-manager]
30-Dec-2023 10:33:25.680 INFO [main] org.apache.catalina.startup.HostConfig.deployDirectory Deployment of web application directory [C:\Users\AMG_Computers\Desktop\TKS-Project-2\apache-tomcat-9.0.41\webapps\host-manager] has finished in [45] ms
30-Dec-2023 10:33:25.681 INFO [main] org.apache.catalina.startup.HostConfig.deployDirectory Deploying web application directory [C:\Users\AMG_Computers\Desktop\TKS-Project-2\apache-tomcat-9.0.41\webapps\manager]
30-Dec-2023 10:33:25.722 INFO [main] org.apache.catalina.startup.HostConfig.deployDirectory Deployment of web application directory [C:\Users\AMG_Computers\Desktop\TKS-Project-2\apache-tomcat-9.0.41\webapps\manager] has finished in [41] ms
30-Dec-2023 10:33:25.723 INFO [main] org.apache.catalina.startup.HostConfig.deployDirectory Deploying web application directory [C:\Users\AMG_Computers\Desktop\TKS-Project-2\apache-tomcat-9.0.41\webapps\ROOT]
30-Dec-2023 10:33:25.768 INFO [main] org.apache.catalina.startup.HostConfig.deployDirectory Deployment of web application directory [C:\Users\AMG_Computers\Desktop\TKS-Project-2\apache-tomcat-9.0.41\webapps\ROOT] has finished in [46] ms
30-Dec-2023 10:33:25.774 INFO [main] org.apache.coyote.AbstractProtocol.start Starting ProtocolHandler ["http-nio-4200"]
30-Dec-2023 10:33:25.783 INFO [main] org.apache.catalina.startup.Catalina.start Server startup in [1181] milliseconds
30-Dec-2023 14:27:09.932 INFO [main] org.apache.catalina.startup.VersionLoggerListener.log Server version name:   Apache Tomcat/9.0.41
30-Dec-2023 14:27:09.937 INFO [main] org.apache.catalina.startup.VersionLoggerListener.log Server built:          Dec 3 2020 11:43:00 UTC
30-Dec-2023 14:27:09.937 INFO [main] org.apache.catalina.startup.VersionLoggerListener.log Server version number: 9.0.41.0
30-Dec-2023 14:27:09.937 INFO [main] org.apache.catalina.startup.VersionLoggerListener.log OS Name:               Windows 10
30-Dec-2023 14:27:09.938 INFO [main] org.apache.catalina.startup.VersionLoggerListener.log OS Version:            10.0
30-Dec-2023 14:27:09.938 INFO [main] org.apache.catalina.startup.VersionLoggerListener.log Architecture:          amd64
30-Dec-2023 14:27:09.938 INFO [main] org.apache.catalina.startup.VersionLoggerListener.log Java Home:             C:\Program Files\Java\jdk-18.0.2
30-Dec-2023 14:27:09.938 INFO [main] org.apache.catalina.startup.VersionLoggerListener.log JVM Version:           18.0.2+9-61
30-Dec-2023 14:27:09.938 INFO [main] org.apache.catalina.startup.VersionLoggerListener.log JVM Vendor:            Oracle Corporation
30-Dec-2023 14:27:09.939 INFO [main] org.apache.catalina.startup.VersionLoggerListener.log CATALINA_BASE:         C:\Users\AMG_Computers\Desktop\TKS-Project-2\apache-tomcat-9.0.41
30-Dec-2023 14:27:09.939 INFO [main] org.apache.catalina.startup.VersionLoggerListener.log CATALINA_HOME:         C:\Users\AMG_Computers\Desktop\TKS-Project-2\apache-tomcat-9.0.41
30-Dec-2023 14:27:09.949 INFO [main] org.apache.catalina.startup.VersionLoggerListener.log Command line argument: --add-opens=java.base/java.lang=ALL-UNNAMED
30-Dec-2023 14:27:09.949 INFO [main] org.apache.catalina.startup.VersionLoggerListener.log Command line argument: --add-opens=java.base/java.io=ALL-UNNAMED
30-Dec-2023 14:27:09.949 INFO [main] org.apache.catalina.startup.VersionLoggerListener.log Command line argument: --add-opens=java.rmi/sun.rmi.transport=ALL-UNNAMED
30-Dec-2023 14:27:09.949 INFO [main] org.apache.catalina.startup.VersionLoggerListener.log Command line argument: -Djava.util.logging.config.file=C:\Users\AMG_Computers\Desktop\TKS-Project-2\apache-tomcat-9.0.41\conf\logging.properties
30-Dec-2023 14:27:09.950 INFO [main] org.apache.catalina.startup.VersionLoggerListener.log Command line argument: -Djava.util.logging.manager=org.apache.juli.ClassLoaderLogManager
30-Dec-2023 14:27:09.950 INFO [main] org.apache.catalina.startup.VersionLoggerListener.log Command line argument: -Djdk.tls.ephemeralDHKeySize=2048
30-Dec-2023 14:27:09.951 INFO [main] org.apache.catalina.startup.VersionLoggerListener.log Command line argument: -Djava.protocol.handler.pkgs=org.apache.catalina.webresources
30-Dec-2023 14:27:09.951 INFO [main] org.apache.catalina.startup.VersionLoggerListener.log Command line argument: -Dignore.endorsed.dirs=
30-Dec-2023 14:27:09.952 INFO [main] org.apache.catalina.startup.VersionLoggerListener.log Command line argument: -Dcatalina.base=C:\Users\AMG_Computers\Desktop\TKS-Project-2\apache-tomcat-9.0.41
30-Dec-2023 14:27:09.952 INFO [main] org.apache.catalina.startup.VersionLoggerListener.log Command line argument: -Dcatalina.home=C:\Users\AMG_Computers\Desktop\TKS-Project-2\apache-tomcat-9.0.41
30-Dec-2023 14:27:09.953 INFO [main] org.apache.catalina.startup.VersionLoggerListener.log Command line argument: -Djava.io.tmpdir=C:\Users\AMG_Computers\Desktop\TKS-Project-2\apache-tomcat-9.0.41\temp
30-Dec-2023 14:27:09.957 INFO [main] org.apache.catalina.core.AprLifecycleListener.lifecycleEvent Loaded Apache Tomcat Native library [1.2.25] using APR version [1.7.0].
30-Dec-2023 14:27:09.957 INFO [main] org.apache.catalina.core.AprLifecycleListener.lifecycleEvent APR capabilities: IPv6 [true], sendfile [true], accept filters [false], random [true].
30-Dec-2023 14:27:09.957 INFO [main] org.apache.catalina.core.AprLifecycleListener.lifecycleEvent APR/OpenSSL configuration: useAprConnector [false], useOpenSSL [true]
30-Dec-2023 14:27:09.963 INFO [main] org.apache.catalina.core.AprLifecycleListener.initializeSSL OpenSSL successfully initialized [OpenSSL 1.1.1g  21 Apr 2020]
30-Dec-2023 14:27:10.260 INFO [main] org.apache.coyote.AbstractProtocol.init Initializing ProtocolHandler ["http-nio-4200"]
30-Dec-2023 14:27:10.371 INFO [main] org.apache.catalina.startup.Catalina.load Server initialization in [651] milliseconds
30-Dec-2023 14:27:10.431 INFO [main] org.apache.catalina.core.StandardService.startInternal Starting service [Catalina]
30-Dec-2023 14:27:10.431 INFO [main] org.apache.catalina.core.StandardEngine.startInternal Starting Servlet engine: [Apache Tomcat/9.0.41]
30-Dec-2023 14:27:10.443 INFO [main] org.apache.catalina.startup.HostConfig.deployDirectory Deploying web application directory [C:\Users\AMG_Computers\Desktop\TKS-Project-2\apache-tomcat-9.0.41\webapps\docs]
30-Dec-2023 14:27:10.777 INFO [main] org.apache.catalina.startup.HostConfig.deployDirectory Deployment of web application directory [C:\Users\AMG_Computers\Desktop\TKS-Project-2\apache-tomcat-9.0.41\webapps\docs] has finished in [334] ms
30-Dec-2023 14:27:10.778 INFO [main] org.apache.catalina.startup.HostConfig.deployDirectory Deploying web application directory [C:\Users\AMG_Computers\Desktop\TKS-Project-2\apache-tomcat-9.0.41\webapps\examples]
30-Dec-2023 14:27:11.375 INFO [main] org.apache.catalina.startup.HostConfig.deployDirectory Deployment of web application directory [C:\Users\AMG_Computers\Desktop\TKS-Project-2\apache-tomcat-9.0.41\webapps\examples] has finished in [597] ms
30-Dec-2023 14:27:11.376 INFO [main] org.apache.catalina.startup.HostConfig.deployDirectory Deploying web application directory [C:\Users\AMG_Computers\Desktop\TKS-Project-2\apache-tomcat-9.0.41\webapps\host-manager]
30-Dec-2023 14:27:11.416 INFO [main] org.apache.catalina.startup.HostConfig.deployDirectory Deployment of web application directory [C:\Users\AMG_Computers\Desktop\TKS-Project-2\apache-tomcat-9.0.41\webapps\host-manager] has finished in [41] ms
30-Dec-2023 14:27:11.417 INFO [main] org.apache.catalina.startup.HostConfig.deployDirectory Deploying web application directory [C:\Users\AMG_Computers\Desktop\TKS-Project-2\apache-tomcat-9.0.41\webapps\manager]
30-Dec-2023 14:27:11.462 INFO [main] org.apache.catalina.startup.HostConfig.deployDirectory Deployment of web application directory [C:\Users\AMG_Computers\Desktop\TKS-Project-2\apache-tomcat-9.0.41\webapps\manager] has finished in [44] ms
30-Dec-2023 14:27:11.462 INFO [main] org.apache.catalina.startup.HostConfig.deployDirectory Deploying web application directory [C:\Users\AMG_Computers\Desktop\TKS-Project-2\apache-tomcat-9.0.41\webapps\ROOT]
30-Dec-2023 14:27:11.511 INFO [main] org.apache.catalina.startup.HostConfig.deployDirectory Deployment of web application directory [C:\Users\AMG_Computers\Desktop\TKS-Project-2\apache-tomcat-9.0.41\webapps\ROOT] has finished in [49] ms
30-Dec-2023 14:27:11.516 INFO [main] org.apache.coyote.AbstractProtocol.start Starting ProtocolHandler ["http-nio-4200"]
30-Dec-2023 14:27:11.530 INFO [main] org.apache.catalina.startup.Catalina.start Server startup in [1156] milliseconds
30-Dec-2023 15:07:25.178 INFO [main] org.apache.catalina.startup.VersionLoggerListener.log Server version name:   Apache Tomcat/9.0.41
30-Dec-2023 15:07:25.183 INFO [main] org.apache.catalina.startup.VersionLoggerListener.log Server built:          Dec 3 2020 11:43:00 UTC
30-Dec-2023 15:07:25.183 INFO [main] org.apache.catalina.startup.VersionLoggerListener.log Server version number: 9.0.41.0
30-Dec-2023 15:07:25.184 INFO [main] org.apache.catalina.startup.VersionLoggerListener.log OS Name:               Windows 10
30-Dec-2023 15:07:25.184 INFO [main] org.apache.catalina.startup.VersionLoggerListener.log OS Version:            10.0
30-Dec-2023 15:07:25.184 INFO [main] org.apache.catalina.startup.VersionLoggerListener.log Architecture:          amd64
30-Dec-2023 15:07:25.184 INFO [main] org.apache.catalina.startup.VersionLoggerListener.log Java Home:             C:\Program Files\Java\jdk-18.0.2
30-Dec-2023 15:07:25.185 INFO [main] org.apache.catalina.startup.VersionLoggerListener.log JVM Version:           18.0.2+9-61
30-Dec-2023 15:07:25.185 INFO [main] org.apache.catalina.startup.VersionLoggerListener.log JVM Vendor:            Oracle Corporation
30-Dec-2023 15:07:25.185 INFO [main] org.apache.catalina.startup.VersionLoggerListener.log CATALINA_BASE:         C:\Users\AMG_Computers\Desktop\TKS-Project-2\apache-tomcat-9.0.41
30-Dec-2023 15:07:25.185 INFO [main] org.apache.catalina.startup.VersionLoggerListener.log CATALINA_HOME:         C:\Users\AMG_Computers\Desktop\TKS-Project-2\apache-tomcat-9.0.41
30-Dec-2023 15:07:25.196 INFO [main] org.apache.catalina.startup.VersionLoggerListener.log Command line argument: --add-opens=java.base/java.lang=ALL-UNNAMED
30-Dec-2023 15:07:25.197 INFO [main] org.apache.catalina.startup.VersionLoggerListener.log Command line argument: --add-opens=java.base/java.io=ALL-UNNAMED
30-Dec-2023 15:07:25.197 INFO [main] org.apache.catalina.startup.VersionLoggerListener.log Command line argument: --add-opens=java.rmi/sun.rmi.transport=ALL-UNNAMED
30-Dec-2023 15:07:25.197 INFO [main] org.apache.catalina.startup.VersionLoggerListener.log Command line argument: -Djava.util.logging.config.file=C:\Users\AMG_Computers\Desktop\TKS-Project-2\apache-tomcat-9.0.41\conf\logging.properties
30-Dec-2023 15:07:25.197 INFO [main] org.apache.catalina.startup.VersionLoggerListener.log Command line argument: -Djava.util.logging.manager=org.apache.juli.ClassLoaderLogManager
30-Dec-2023 15:07:25.198 INFO [main] org.apache.catalina.startup.VersionLoggerListener.log Command line argument: -Djdk.tls.ephemeralDHKeySize=2048
30-Dec-2023 15:07:25.198 INFO [main] org.apache.catalina.startup.VersionLoggerListener.log Command line argument: -Djava.protocol.handler.pkgs=org.apache.catalina.webresources
30-Dec-2023 15:07:25.201 INFO [main] org.apache.catalina.startup.VersionLoggerListener.log Command line argument: -Dignore.endorsed.dirs=
30-Dec-2023 15:07:25.201 INFO [main] org.apache.catalina.startup.VersionLoggerListener.log Command line argument: -Dcatalina.base=C:\Users\AMG_Computers\Desktop\TKS-Project-2\apache-tomcat-9.0.41
30-Dec-2023 15:07:25.202 INFO [main] org.apache.catalina.startup.VersionLoggerListener.log Command line argument: -Dcatalina.home=C:\Users\AMG_Computers\Desktop\TKS-Project-2\apache-tomcat-9.0.41
30-Dec-2023 15:07:25.202 INFO [main] org.apache.catalina.startup.VersionLoggerListener.log Command line argument: -Djava.io.tmpdir=C:\Users\AMG_Computers\Desktop\TKS-Project-2\apache-tomcat-9.0.41\temp
30-Dec-2023 15:07:25.207 INFO [main] org.apache.catalina.core.AprLifecycleListener.lifecycleEvent Loaded Apache Tomcat Native library [1.2.25] using APR version [1.7.0].
30-Dec-2023 15:07:25.208 INFO [main] org.apache.catalina.core.AprLifecycleListener.lifecycleEvent APR capabilities: IPv6 [true], sendfile [true], accept filters [false], random [true].
30-Dec-2023 15:07:25.208 INFO [main] org.apache.catalina.core.AprLifecycleListener.lifecycleEvent APR/OpenSSL configuration: useAprConnector [false], useOpenSSL [true]
30-Dec-2023 15:07:25.213 INFO [main] org.apache.catalina.core.AprLifecycleListener.initializeSSL OpenSSL successfully initialized [OpenSSL 1.1.1g  21 Apr 2020]
30-Dec-2023 15:07:25.517 INFO [main] org.apache.coyote.AbstractProtocol.init Initializing ProtocolHandler ["http-nio-4200"]
30-Dec-2023 15:07:25.632 INFO [main] org.apache.catalina.startup.Catalina.load Server initialization in [701] milliseconds
30-Dec-2023 15:07:25.689 INFO [main] org.apache.catalina.core.StandardService.startInternal Starting service [Catalina]
30-Dec-2023 15:07:25.690 INFO [main] org.apache.catalina.core.StandardEngine.startInternal Starting Servlet engine: [Apache Tomcat/9.0.41]
30-Dec-2023 15:07:25.703 INFO [main] org.apache.catalina.startup.HostConfig.deployDirectory Deploying web application directory [C:\Users\AMG_Computers\Desktop\TKS-Project-2\apache-tomcat-9.0.41\webapps\docs]
30-Dec-2023 15:07:26.048 INFO [main] org.apache.catalina.startup.HostConfig.deployDirectory Deployment of web application directory [C:\Users\AMG_Computers\Desktop\TKS-Project-2\apache-tomcat-9.0.41\webapps\docs] has finished in [344] ms
30-Dec-2023 15:07:26.048 INFO [main] org.apache.catalina.startup.HostConfig.deployDirectory Deploying web application directory [C:\Users\AMG_Computers\Desktop\TKS-Project-2\apache-tomcat-9.0.41\webapps\examples]
30-Dec-2023 15:07:26.672 INFO [main] org.apache.catalina.startup.HostConfig.deployDirectory Deployment of web application directory [C:\Users\AMG_Computers\Desktop\TKS-Project-2\apache-tomcat-9.0.41\webapps\examples] has finished in [624] ms
30-Dec-2023 15:07:26.673 INFO [main] org.apache.catalina.startup.HostConfig.deployDirectory Deploying web application directory [C:\Users\AMG_Computers\Desktop\TKS-Project-2\apache-tomcat-9.0.41\webapps\host-manager]
30-Dec-2023 15:07:26.737 INFO [main] org.apache.catalina.startup.HostConfig.deployDirectory Deployment of web application directory [C:\Users\AMG_Computers\Desktop\TKS-Project-2\apache-tomcat-9.0.41\webapps\host-manager] has finished in [65] ms
30-Dec-2023 15:07:26.737 INFO [main] org.apache.catalina.startup.HostConfig.deployDirectory Deploying web application directory [C:\Users\AMG_Computers\Desktop\TKS-Project-2\apache-tomcat-9.0.41\webapps\manager]
30-Dec-2023 15:07:26.781 INFO [main] org.apache.catalina.startup.HostConfig.deployDirectory Deployment of web application directory [C:\Users\AMG_Computers\Desktop\TKS-Project-2\apache-tomcat-9.0.41\webapps\manager] has finished in [44] ms
30-Dec-2023 15:07:26.782 INFO [main] org.apache.catalina.startup.HostConfig.deployDirectory Deploying web application directory [C:\Users\AMG_Computers\Desktop\TKS-Project-2\apache-tomcat-9.0.41\webapps\ROOT]
30-Dec-2023 15:07:26.821 INFO [main] org.apache.catalina.startup.HostConfig.deployDirectory Deployment of web application directory [C:\Users\AMG_Computers\Desktop\TKS-Project-2\apache-tomcat-9.0.41\webapps\ROOT] has finished in [39] ms
30-Dec-2023 15:07:26.827 INFO [main] org.apache.coyote.AbstractProtocol.start Starting ProtocolHandler ["http-nio-4200"]
30-Dec-2023 15:07:26.837 INFO [main] org.apache.catalina.startup.Catalina.start Server startup in [1203] milliseconds
